<html xmlns:math="http://exslt.org/math" xmlns:testng="http://testng.org">
   <head>
      <title>TestNG Results</title>
      <meta http-equiv="content-type" content="text/html; charset=utf-8"></meta>
      <meta http-equiv="pragma" content="no-cache"></meta>
      <meta http-equiv="cache-control" content="max-age=0"></meta>
      <meta http-equiv="cache-control" content="no-cache"></meta>
      <meta http-equiv="cache-control" content="no-store"></meta>
      <LINK rel="stylesheet" href="style.css"></LINK>
      <script type="text/javascript" src="main.js"></script>
   </head>
   <body>
      <table width="100%" style="font-size: 16px; margin-bottom: 10px;" cellspacing="1">
         <tr>
            <td width="100%">
               Test case
               
               <b>PlatformAdminRegisterPage</b>
            </td>
            <td style="background-color: #FFBBBB; padding: 3px 3px 3px 0;" align="center">
               <div style="width: 50px;">1</div>
            </td>
            <td style="background-color: lightgreen; padding: 3px 3px 3px 0;" align="center">
               <div style="width: 50px;">2</div>
            </td>
            <td style="background-color: #FFFFBB; padding: 3px 3px 3px 0;" align="center">
               <div style="width: 50px;">0</div>
            </td>
            <td align="center" style="background-color: #eaf0f7; padding: 3px 3px 3px 0;">
               <div style="width: 50px;">3</div>
            </td>
            <td align="center"
                style="font-weight: bold; background-color: #eaf0f7; padding: 3px 3px 3px 0;">
               <div style="width: 50px;">67%</div>
            </td>
            <td style="background-color: #eaf0f7; padding: 3px 3px 3px 0;" align="center"
                nowrap="true">18s
               
            </td>
         </tr>
      </table>
      <div style="width: 200px;">
         <label for="groupMethodsCheckBox" style="font-weight: bold; margin: 0;">
            <input id="groupMethodsCheckBox" type="checkbox" onclick="switchTestMethodsView(this)"
                   checked=""></input>
            Group by class
            
         </label>
         <br></br>
         <label for="methodsFilter_ALL" style="font-weight: bold; margin: 0;">
            <input id="methodsFilter_ALL" type="checkbox"
                   onclick="testMethodsFilterChanged(this, 'ALL')"
                   checked=""></input>
            All
            
         </label>
      </div>
      <label for="methodsFilter_FAIL" style="margin-left: 20px;">
         <input id="methodsFilter_FAIL" type="checkbox"
                onclick="testMethodsFilterChanged(this, 'FAIL')"
                checked=""></input>
         Failed
         
      </label>
      <label for="methodsFilter_PASS">
         <input id="methodsFilter_PASS" type="checkbox"
                onclick="testMethodsFilterChanged(this, 'PASS')"
                checked=""></input>
         Passed
         
      </label>
      <label for="methodsFilter_SKIP">
         <input id="methodsFilter_SKIP" type="checkbox"
                onclick="testMethodsFilterChanged(this, 'SKIP')"
                checked=""></input>
         Skipped
         
      </label>
      <label for="methodsFilter_CONF">
         <input id="methodsFilter_CONF" type="checkbox"
                onclick="testMethodsFilterChanged(this, 'CONF')"
                checked=""></input>
         Config
         
      </label>
      <br></br>
      <div id="testMethodsByStatus" style="display: none;">
         <table class="testMethodsTable" cellpadding="0" cellspacing="0">
            <tr class="methodsTableHeader">
               <td width="100%">Name</td>
               <td nowrap="true">Started</td>
               <td nowrap="true">Duration</td>
               <td>Exception</td>
            </tr>
            <tr id="tracksPageScripts.RegisterPageScripts_register_tc_3_byStatus_failed_FAIL1_row"
                class="testMethodStatusFAIL">
               <td width="100%" class="firstMethodCell">
                  <a onclick="toggleDetailsVisibility('tracksPageScripts.RegisterPageScripts_register_tc_3_byStatus_failed_FAIL1_details')">register_tc_3()</a>
               </td>
               <td nowrap="true">08:57:24</td>
               <td nowrap="true" align="right">128 ms
                  
               </td>
               <td nowrap="true">
                  <a onclick="toggleDetailsVisibility('tracksPageScripts.RegisterPageScripts_register_tc_3_byStatus_failed_FAIL1_exception')">org.openqa.selenium.NoSuchElementException: 
                     no such element: Unable to locate element: {"method":"xpath","selector":"//*[@id='cta2']/div/div[2]/div[2]/div/p"}
                     (Session info: chrome=66.0.3359.181)
                     (Driver info: chromedriver=2.37.544315 (730aa6a5fdba159ac9f4c1e8cbc59bf1b5ce12b7),platform=Windows NT 10.0.17134 x86_64) (WARNING:
                     The server did not provide any stacktrace information)
                     Command duration or timeout: 0 milliseconds
                     For documentation on this error, please visit: http://seleniumhq.org/exceptions/no_such_element.html
                     Build info: version: '3.11.0', revision: 'e59cfb3', time: '2018-03-11T20:33:08.638Z'
                     System info: host: 'DESKTOP-81U3LVR', ip: '192.168.43.164', os.name: 'Windows 10', os.arch: 'amd64', os.version: '10.0', java.version:
                     '1.8.0_171'
                     Driver info: org.openqa.selenium.chrome.ChromeDriver
                     Capabilities {acceptInsecureCerts: false, acceptSslCerts: false, applicationCacheEnabled: false, browserConnectionEnabled:
                     false, browserName: chrome, chrome: {chromedriverVersion: 2.37.544315 (730aa6a5fdba15..., userDataDir: C:\Users\ddand\AppData\Loca...},
                     cssSelectorsEnabled: true, databaseEnabled: false, handlesAlerts: true, hasTouchScreen: false, javascriptEnabled: true, locationContextEnabled:
                     true, mobileEmulationEnabled: false, nativeEvents: true, networkConnectionEnabled: false, pageLoadStrategy: normal, platform:
                     XP, platformName: XP, rotatable: false, setWindowRect: true, takesHeapSnapshot: true, takesScreenshot: true, unexpectedAlertBehaviour:
                     , unhandledPromptBehavior: , version: 66.0.3359.181, webStorageEnabled: true}
                     Session ID: a5c8a41bac4d96097d04404a23321405
                     *** Element info: {Using=xpath, value=//*[@id='cta2']/div/div[2]/div[2]/div/p}
                     
                  </a>
                   
                  
               </td>
            </tr>
            <tr>
               <td colspan="4" class="detailsBox">
                  <div id="tracksPageScripts.RegisterPageScripts_register_tc_3_byStatus_failed_FAIL1_details"
                       class="testMethodDetails">
                     <div>
                        <b>Name: </b>register_tc_3
                     </div>
                     <div>
                        <b>Signature: </b>register_tc_3()[pri:3, instance:tracksPageScripts.RegisterPageScripts@6a79c292]
                     </div>
                     <div>
                        <b>Start time: </b>08:57:24
                     </div>
                     <div>
                        <b>End time: </b>08:57:25
                     </div>
                     <div>
                        <b>Duration: </b>128 ms
                        
                     </div>
                  </div>
               </td>
            </tr>
            <tr>
               <td colspan="4" class="detailsBox">
                  <div id="tracksPageScripts.RegisterPageScripts_register_tc_3_byStatus_failed_FAIL1_exception"
                       class="testMethodDetails">
                     <pre style="padding: 5px; margin: 0;">org.openqa.selenium.NoSuchElementException: no such element: Unable to locate element: {"method":"xpath","selector":"//*[@id='cta2']/div/div[2]/div[2]/div/p"}
                        (Session info: chrome=66.0.3359.181)
                        (Driver info: chromedriver=2.37.544315 (730aa6a5fdba159ac9f4c1e8cbc59bf1b5ce12b7),platform=Windows NT 10.0.17134 x86_64) (WARNING:
                        The server did not provide any stacktrace information)
                        Command duration or timeout: 0 milliseconds
                        For documentation on this error, please visit: http://seleniumhq.org/exceptions/no_such_element.html
                        Build info: version: '3.11.0', revision: 'e59cfb3', time: '2018-03-11T20:33:08.638Z'
                        System info: host: 'DESKTOP-81U3LVR', ip: '192.168.43.164', os.name: 'Windows 10', os.arch: 'amd64', os.version: '10.0', java.version:
                        '1.8.0_171'
                        Driver info: org.openqa.selenium.chrome.ChromeDriver
                        Capabilities {acceptInsecureCerts: false, acceptSslCerts: false, applicationCacheEnabled: false, browserConnectionEnabled:
                        false, browserName: chrome, chrome: {chromedriverVersion: 2.37.544315 (730aa6a5fdba15..., userDataDir: C:\Users\ddand\AppData\Loca...},
                        cssSelectorsEnabled: true, databaseEnabled: false, handlesAlerts: true, hasTouchScreen: false, javascriptEnabled: true, locationContextEnabled:
                        true, mobileEmulationEnabled: false, nativeEvents: true, networkConnectionEnabled: false, pageLoadStrategy: normal, platform:
                        XP, platformName: XP, rotatable: false, setWindowRect: true, takesHeapSnapshot: true, takesScreenshot: true, unexpectedAlertBehaviour:
                        , unhandledPromptBehavior: , version: 66.0.3359.181, webStorageEnabled: true}
                        Session ID: a5c8a41bac4d96097d04404a23321405
                        *** Element info: {Using=xpath, value=//*[@id='cta2']/div/div[2]/div[2]/div/p}
                        at sun.reflect.NativeConstructorAccessorImpl.newInstance0(Native Method)
                        at sun.reflect.NativeConstructorAccessorImpl.newInstance(Unknown Source)
                        at sun.reflect.DelegatingConstructorAccessorImpl.newInstance(Unknown Source)
                        at java.lang.reflect.Constructor.newInstance(Unknown Source)
                        at org.openqa.selenium.remote.ErrorHandler.createThrowable(ErrorHandler.java:214)
                        at org.openqa.selenium.remote.ErrorHandler.throwIfResponseFailed(ErrorHandler.java:166)
                        at org.openqa.selenium.remote.http.JsonHttpResponseCodec.reconstructValue(JsonHttpResponseCodec.java:40)
                        at org.openqa.selenium.remote.http.AbstractHttpResponseCodec.decode(AbstractHttpResponseCodec.java:80)
                        at org.openqa.selenium.remote.http.AbstractHttpResponseCodec.decode(AbstractHttpResponseCodec.java:44)
                        at org.openqa.selenium.remote.HttpCommandExecutor.execute(HttpCommandExecutor.java:158)
                        at org.openqa.selenium.remote.service.DriverCommandExecutor.execute(DriverCommandExecutor.java:83)
                        at org.openqa.selenium.remote.RemoteWebDriver.execute(RemoteWebDriver.java:545)
                        at org.openqa.selenium.remote.RemoteWebDriver.findElement(RemoteWebDriver.java:319)
                        at org.openqa.selenium.remote.RemoteWebDriver.findElementByXPath(RemoteWebDriver.java:421)
                        at org.openqa.selenium.By$ByXPath.findElement(By.java:361)
                        at org.openqa.selenium.remote.RemoteWebDriver.findElement(RemoteWebDriver.java:311)
                        at org.openqa.selenium.support.pagefactory.DefaultElementLocator.findElement(DefaultElementLocator.java:69)
                        at org.openqa.selenium.support.pagefactory.internal.LocatingElementHandler.invoke(LocatingElementHandler.java:38)
                        at com.sun.proxy.$Proxy12.getText(Unknown Source)
                        at tracksPageScripts.RegisterPageScripts.register_tc_3(RegisterPageScripts.java:102)
                        at sun.reflect.NativeMethodAccessorImpl.invoke0(Native Method)
                        at sun.reflect.NativeMethodAccessorImpl.invoke(Unknown Source)
                        at sun.reflect.DelegatingMethodAccessorImpl.invoke(Unknown Source)
                        at java.lang.reflect.Method.invoke(Unknown Source)
                        at org.testng.internal.MethodInvocationHelper.invokeMethod(MethodInvocationHelper.java:124)
                        at org.testng.internal.Invoker.invokeMethod(Invoker.java:580)
                        at org.testng.internal.Invoker.invokeTestMethod(Invoker.java:716)
                        at org.testng.internal.Invoker.invokeTestMethods(Invoker.java:988)
                        at org.testng.internal.TestMethodWorker.invokeTestMethods(TestMethodWorker.java:125)
                        at org.testng.internal.TestMethodWorker.run(TestMethodWorker.java:109)
                        at org.testng.TestRunner.privateRun(TestRunner.java:648)
                        at org.testng.TestRunner.run(TestRunner.java:505)
                        at org.testng.SuiteRunner.runTest(SuiteRunner.java:455)
                        at org.testng.SuiteRunner.runSequentially(SuiteRunner.java:450)
                        at org.testng.SuiteRunner.privateRun(SuiteRunner.java:415)
                        at org.testng.SuiteRunner.run(SuiteRunner.java:364)
                        at org.testng.SuiteRunnerWorker.runSuite(SuiteRunnerWorker.java:52)
                        at org.testng.SuiteRunnerWorker.run(SuiteRunnerWorker.java:84)
                        at org.testng.TestNG.runSuitesSequentially(TestNG.java:1208)
                        at org.testng.TestNG.runSuitesLocally(TestNG.java:1137)
                        at org.testng.TestNG.runSuites(TestNG.java:1049)
                        at org.testng.TestNG.run(TestNG.java:1017)
                        at org.testng.remote.AbstractRemoteTestNG.run(AbstractRemoteTestNG.java:114)
                        at org.testng.remote.RemoteTestNG.initAndRun(RemoteTestNG.java:251)
                        at org.testng.remote.RemoteTestNG.main(RemoteTestNG.java:77)
                     </pre>
                  </div>
               </td>
            </tr>
            <tr id="tracksPageScripts.RegisterPageScripts_registerPage_byStatus_passed_PASS1_row"
                class="testMethodStatusPASS testMethodStatusCONF">
               <td width="100%" class="firstMethodCell">
                  <a onclick="toggleDetailsVisibility('tracksPageScripts.RegisterPageScripts_registerPage_byStatus_passed_PASS1_details')">registerPage()</a>
               </td>
               <td nowrap="true">08:57:08</td>
               <td nowrap="true" align="right">3s
                  
               </td>
               <td nowrap="true">
                   
                  
               </td>
            </tr>
            <tr>
               <td colspan="4" class="detailsBox">
                  <div id="tracksPageScripts.RegisterPageScripts_registerPage_byStatus_passed_PASS1_details"
                       class="testMethodDetails">
                     <div>
                        <b>Name: </b>registerPage
                     </div>
                     <div>
                        <b>Signature: </b>registerPage()[pri:0, instance:tracksPageScripts.RegisterPageScripts@6a79c292]
                     </div>
                     <div>
                        <b>Start time: </b>08:57:08
                     </div>
                     <div>
                        <b>End time: </b>08:57:11
                     </div>
                     <div>
                        <b>Duration: </b>3s
                        
                     </div>
                  </div>
               </td>
            </tr>
            <tr></tr>
            <tr id="tracksPageScripts.RegisterPageScripts_register_tc_1_byStatus_passed_PASS2_row"
                class="testMethodStatusPASS">
               <td width="100%" class="firstMethodCell">
                  <a onclick="toggleDetailsVisibility('tracksPageScripts.RegisterPageScripts_register_tc_1_byStatus_passed_PASS2_details')">register_tc_1()</a>
               </td>
               <td nowrap="true">08:57:11</td>
               <td nowrap="true" align="right">6s
                  
               </td>
               <td nowrap="true">
                   
                  
               </td>
            </tr>
            <tr>
               <td colspan="4" class="detailsBox">
                  <div id="tracksPageScripts.RegisterPageScripts_register_tc_1_byStatus_passed_PASS2_details"
                       class="testMethodDetails">
                     <div>
                        <b>Name: </b>register_tc_1
                     </div>
                     <div>
                        <b>Signature: </b>register_tc_1()[pri:1, instance:tracksPageScripts.RegisterPageScripts@6a79c292]
                     </div>
                     <div>
                        <b>Start time: </b>08:57:11
                     </div>
                     <div>
                        <b>End time: </b>08:57:18
                     </div>
                     <div>
                        <b>Duration: </b>6s
                        
                     </div>
                  </div>
               </td>
            </tr>
            <tr></tr>
            <tr id="tracksPageScripts.RegisterPageScripts_takeShort_byStatus_passed_PASS3_row"
                class="testMethodStatusPASS testMethodStatusCONF">
               <td width="100%" class="firstMethodCell">
                  <a onclick="toggleDetailsVisibility('tracksPageScripts.RegisterPageScripts_takeShort_byStatus_passed_PASS3_details')">takeShort([TestResult name=register_tc_1 status=SUCCESS method=RegisterPageScripts.register_tc_1()[pri:1, instance:tracksPageScripts.RegisterPageScripts@6a79c292]
                     output={null}])
                  </a>
               </td>
               <td nowrap="true">08:57:18</td>
               <td nowrap="true" align="right">341 ms
                  
               </td>
               <td nowrap="true">
                   
                  
               </td>
            </tr>
            <tr>
               <td colspan="4" class="detailsBox">
                  <div id="tracksPageScripts.RegisterPageScripts_takeShort_byStatus_passed_PASS3_details"
                       class="testMethodDetails">
                     <div>
                        <b>Name: </b>takeShort
                     </div>
                     <div>
                        <b>Signature: </b>takeShort(org.testng.ITestResult)[pri:0, instance:tracksPageScripts.RegisterPageScripts@6a79c292]
                     </div>
                     <div>
                        <b>Parameters: </b>
                        
                        [TestResult name=register_tc_1 status=SUCCESS method=RegisterPageScripts.register_tc_1()[pri:1, instance:tracksPageScripts.RegisterPageScripts@6a79c292]
                        output={null}]
                        
                        
                     </div>
                     <div>
                        <b>Start time: </b>08:57:18
                     </div>
                     <div>
                        <b>End time: </b>08:57:18
                     </div>
                     <div>
                        <b>Duration: </b>341 ms
                        
                     </div>
                  </div>
               </td>
            </tr>
            <tr></tr>
            <tr id="tracksPageScripts.RegisterPageScripts_register_tc_2_byStatus_passed_PASS4_row"
                class="testMethodStatusPASS">
               <td width="100%" class="firstMethodCell">
                  <a onclick="toggleDetailsVisibility('tracksPageScripts.RegisterPageScripts_register_tc_2_byStatus_passed_PASS4_details')">register_tc_2()</a>
               </td>
               <td nowrap="true">08:57:18</td>
               <td nowrap="true" align="right">4s
                  
               </td>
               <td nowrap="true">
                   
                  
               </td>
            </tr>
            <tr>
               <td colspan="4" class="detailsBox">
                  <div id="tracksPageScripts.RegisterPageScripts_register_tc_2_byStatus_passed_PASS4_details"
                       class="testMethodDetails">
                     <div>
                        <b>Name: </b>register_tc_2
                     </div>
                     <div>
                        <b>Signature: </b>register_tc_2()[pri:2, instance:tracksPageScripts.RegisterPageScripts@6a79c292]
                     </div>
                     <div>
                        <b>Start time: </b>08:57:18
                     </div>
                     <div>
                        <b>End time: </b>08:57:22
                     </div>
                     <div>
                        <b>Duration: </b>4s
                        
                     </div>
                  </div>
               </td>
            </tr>
            <tr></tr>
            <tr id="tracksPageScripts.RegisterPageScripts_takeShort_byStatus_passed_PASS5_row"
                class="testMethodStatusPASS testMethodStatusCONF">
               <td width="100%" class="firstMethodCell">
                  <a onclick="toggleDetailsVisibility('tracksPageScripts.RegisterPageScripts_takeShort_byStatus_passed_PASS5_details')">takeShort([TestResult name=register_tc_2 status=SUCCESS method=RegisterPageScripts.register_tc_2()[pri:2, instance:tracksPageScripts.RegisterPageScripts@6a79c292]
                     output=selecting Tenant15 value in dropdown])
                  </a>
               </td>
               <td nowrap="true">08:57:22</td>
               <td nowrap="true" align="right">2s
                  
               </td>
               <td nowrap="true">
                   
                  
               </td>
            </tr>
            <tr>
               <td colspan="4" class="detailsBox">
                  <div id="tracksPageScripts.RegisterPageScripts_takeShort_byStatus_passed_PASS5_details"
                       class="testMethodDetails">
                     <div>
                        <b>Name: </b>takeShort
                     </div>
                     <div>
                        <b>Signature: </b>takeShort(org.testng.ITestResult)[pri:0, instance:tracksPageScripts.RegisterPageScripts@6a79c292]
                     </div>
                     <div>
                        <b>Parameters: </b>
                        
                        [TestResult name=register_tc_2 status=SUCCESS method=RegisterPageScripts.register_tc_2()[pri:2, instance:tracksPageScripts.RegisterPageScripts@6a79c292]
                        output=selecting Tenant15 value in dropdown]
                        
                        
                     </div>
                     <div>
                        <b>Start time: </b>08:57:22
                     </div>
                     <div>
                        <b>End time: </b>08:57:24
                     </div>
                     <div>
                        <b>Duration: </b>2s
                        
                     </div>
                  </div>
               </td>
            </tr>
            <tr></tr>
            <tr id="tracksPageScripts.RegisterPageScripts_takeShort_byStatus_passed_PASS6_row"
                class="testMethodStatusPASS testMethodStatusCONF">
               <td width="100%" class="firstMethodCell">
                  <a onclick="toggleDetailsVisibility('tracksPageScripts.RegisterPageScripts_takeShort_byStatus_passed_PASS6_details')">takeShort([TestResult name=register_tc_3 status=FAILURE method=RegisterPageScripts.register_tc_3()[pri:3, instance:tracksPageScripts.RegisterPageScripts@6a79c292]
                     output=&lt;a href=file:///F:\Workspace\zsync\screenshots\LatestResults\RegisterPageScripts\register_tc_3.png&gt; &lt;img width='700'
                     height='500' src=file:///F:\Workspace\zsync\screenshots\LatestResults\RegisterPageScripts\register_tc_3.png&gt; &lt;/a&gt;])
                  </a>
               </td>
               <td nowrap="true">08:57:25</td>
               <td nowrap="true" align="right">308 ms
                  
               </td>
               <td nowrap="true">
                   
                  
               </td>
            </tr>
            <tr>
               <td colspan="4" class="detailsBox">
                  <div id="tracksPageScripts.RegisterPageScripts_takeShort_byStatus_passed_PASS6_details"
                       class="testMethodDetails">
                     <div>
                        <b>Name: </b>takeShort
                     </div>
                     <div>
                        <b>Signature: </b>takeShort(org.testng.ITestResult)[pri:0, instance:tracksPageScripts.RegisterPageScripts@6a79c292]
                     </div>
                     <div>
                        <b>Parameters: </b>
                        
                        [TestResult name=register_tc_3 status=FAILURE method=RegisterPageScripts.register_tc_3()[pri:3, instance:tracksPageScripts.RegisterPageScripts@6a79c292]
                        output=&lt;a href=file:///F:\Workspace\zsync\screenshots\LatestResults\RegisterPageScripts\register_tc_3.png&gt; &lt;img width='700'
                        height='500' src=file:///F:\Workspace\zsync\screenshots\LatestResults\RegisterPageScripts\register_tc_3.png&gt; &lt;/a&gt;]
                        
                        
                     </div>
                     <div>
                        <b>Start time: </b>08:57:25
                     </div>
                     <div>
                        <b>End time: </b>08:57:25
                     </div>
                     <div>
                        <b>Duration: </b>308 ms
                        
                     </div>
                  </div>
               </td>
            </tr>
            <tr></tr>
            <tr id="tracksPageScripts.RegisterPageScripts_closePage_byStatus_passed_PASS7_row"
                class="testMethodStatusPASS testMethodStatusCONF">
               <td width="100%" class="firstMethodCell">
                  <a onclick="toggleDetailsVisibility('tracksPageScripts.RegisterPageScripts_closePage_byStatus_passed_PASS7_details')">closePage()</a>
               </td>
               <td nowrap="true">08:57:25</td>
               <td nowrap="true" align="right">307 ms
                  
               </td>
               <td nowrap="true">
                   
                  
               </td>
            </tr>
            <tr>
               <td colspan="4" class="detailsBox">
                  <div id="tracksPageScripts.RegisterPageScripts_closePage_byStatus_passed_PASS7_details"
                       class="testMethodDetails">
                     <div>
                        <b>Name: </b>closePage
                     </div>
                     <div>
                        <b>Signature: </b>closePage()[pri:0, instance:tracksPageScripts.RegisterPageScripts@6a79c292]
                     </div>
                     <div>
                        <b>Start time: </b>08:57:25
                     </div>
                     <div>
                        <b>End time: </b>08:57:26
                     </div>
                     <div>
                        <b>Duration: </b>307 ms
                        
                     </div>
                  </div>
               </td>
            </tr>
            <tr></tr>
            <tr id="tracksPageScripts.RegisterPageScripts_tearDown_byStatus_passed_PASS8_row"
                class="testMethodStatusPASS testMethodStatusCONF">
               <td width="100%" class="firstMethodCell">
                  <a onclick="toggleDetailsVisibility('tracksPageScripts.RegisterPageScripts_tearDown_byStatus_passed_PASS8_details')">tearDown()</a>
               </td>
               <td nowrap="true">08:57:26</td>
               <td nowrap="true" align="right">92 ms
                  
               </td>
               <td nowrap="true">
                   
                  
               </td>
            </tr>
            <tr>
               <td colspan="4" class="detailsBox">
                  <div id="tracksPageScripts.RegisterPageScripts_tearDown_byStatus_passed_PASS8_details"
                       class="testMethodDetails">
                     <div>
                        <b>Name: </b>tearDown
                     </div>
                     <div>
                        <b>Signature: </b>tearDown()[pri:0, instance:tracksPageScripts.RegisterPageScripts@6a79c292]
                     </div>
                     <div>
                        <b>Start time: </b>08:57:26
                     </div>
                     <div>
                        <b>End time: </b>08:57:26
                     </div>
                     <div>
                        <b>Duration: </b>92 ms
                        
                     </div>
                  </div>
               </td>
            </tr>
            <tr></tr>
         </table>
      </div>
      <div id="testMethodsByClass">
         <table class="testMethodsTable" cellpadding="0" cellspacing="0">
            <tr>
               <td colspan="4">
                  <h3 style="display: inline;">tracksPageScripts.RegisterPageScripts</h3>
               </td>
            </tr>
            <tr class="methodsTableHeader">
               <td width="100%">Name</td>
               <td nowrap="true">Started</td>
               <td nowrap="true">Duration</td>
               <td>Exception</td>
            </tr>
            <tr id="tracksPageScripts.RegisterPageScripts_registerPage_byClass_PASS1_row"
                class="testMethodStatusPASS testMethodStatusCONF">
               <td width="100%" class="firstMethodCell">
                  <a onclick="toggleDetailsVisibility('tracksPageScripts.RegisterPageScripts_registerPage_byClass_PASS1_details')">registerPage()</a>
               </td>
               <td nowrap="true">08:57:08</td>
               <td nowrap="true" align="right">3s
                  
               </td>
               <td nowrap="true">
                   
                  
               </td>
            </tr>
            <tr>
               <td colspan="4" class="detailsBox">
                  <div id="tracksPageScripts.RegisterPageScripts_registerPage_byClass_PASS1_details"
                       class="testMethodDetails">
                     <div>
                        <b>Name: </b>registerPage
                     </div>
                     <div>
                        <b>Signature: </b>registerPage()[pri:0, instance:tracksPageScripts.RegisterPageScripts@6a79c292]
                     </div>
                     <div>
                        <b>Start time: </b>08:57:08
                     </div>
                     <div>
                        <b>End time: </b>08:57:11
                     </div>
                     <div>
                        <b>Duration: </b>3s
                        
                     </div>
                  </div>
               </td>
            </tr>
            <tr></tr>
            <tr id="tracksPageScripts.RegisterPageScripts_register_tc_1_byClass_PASS2_row"
                class="testMethodStatusPASS">
               <td width="100%" class="firstMethodCell">
                  <a onclick="toggleDetailsVisibility('tracksPageScripts.RegisterPageScripts_register_tc_1_byClass_PASS2_details')">register_tc_1()</a>
               </td>
               <td nowrap="true">08:57:11</td>
               <td nowrap="true" align="right">6s
                  
               </td>
               <td nowrap="true">
                   
                  
               </td>
            </tr>
            <tr>
               <td colspan="4" class="detailsBox">
                  <div id="tracksPageScripts.RegisterPageScripts_register_tc_1_byClass_PASS2_details"
                       class="testMethodDetails">
                     <div>
                        <b>Name: </b>register_tc_1
                     </div>
                     <div>
                        <b>Signature: </b>register_tc_1()[pri:1, instance:tracksPageScripts.RegisterPageScripts@6a79c292]
                     </div>
                     <div>
                        <b>Start time: </b>08:57:11
                     </div>
                     <div>
                        <b>End time: </b>08:57:18
                     </div>
                     <div>
                        <b>Duration: </b>6s
                        
                     </div>
                  </div>
               </td>
            </tr>
            <tr></tr>
            <tr id="tracksPageScripts.RegisterPageScripts_takeShort_byClass_PASS3_row"
                class="testMethodStatusPASS testMethodStatusCONF">
               <td width="100%" class="firstMethodCell">
                  <a onclick="toggleDetailsVisibility('tracksPageScripts.RegisterPageScripts_takeShort_byClass_PASS3_details')">takeShort([TestResult name=register_tc_1 status=SUCCESS method=RegisterPageScripts.register_tc_1()[pri:1, instance:tracksPageScripts.RegisterPageScripts@6a79c292]
                     output={null}])
                  </a>
               </td>
               <td nowrap="true">08:57:18</td>
               <td nowrap="true" align="right">341 ms
                  
               </td>
               <td nowrap="true">
                   
                  
               </td>
            </tr>
            <tr>
               <td colspan="4" class="detailsBox">
                  <div id="tracksPageScripts.RegisterPageScripts_takeShort_byClass_PASS3_details"
                       class="testMethodDetails">
                     <div>
                        <b>Name: </b>takeShort
                     </div>
                     <div>
                        <b>Signature: </b>takeShort(org.testng.ITestResult)[pri:0, instance:tracksPageScripts.RegisterPageScripts@6a79c292]
                     </div>
                     <div>
                        <b>Parameters: </b>
                        
                        [TestResult name=register_tc_1 status=SUCCESS method=RegisterPageScripts.register_tc_1()[pri:1, instance:tracksPageScripts.RegisterPageScripts@6a79c292]
                        output={null}]
                        
                        
                     </div>
                     <div>
                        <b>Start time: </b>08:57:18
                     </div>
                     <div>
                        <b>End time: </b>08:57:18
                     </div>
                     <div>
                        <b>Duration: </b>341 ms
                        
                     </div>
                  </div>
               </td>
            </tr>
            <tr></tr>
            <tr id="tracksPageScripts.RegisterPageScripts_register_tc_2_byClass_PASS4_row"
                class="testMethodStatusPASS">
               <td width="100%" class="firstMethodCell">
                  <a onclick="toggleDetailsVisibility('tracksPageScripts.RegisterPageScripts_register_tc_2_byClass_PASS4_details')">register_tc_2()</a>
               </td>
               <td nowrap="true">08:57:18</td>
               <td nowrap="true" align="right">4s
                  
               </td>
               <td nowrap="true">
                   
                  
               </td>
            </tr>
            <tr>
               <td colspan="4" class="detailsBox">
                  <div id="tracksPageScripts.RegisterPageScripts_register_tc_2_byClass_PASS4_details"
                       class="testMethodDetails">
                     <div>
                        <b>Name: </b>register_tc_2
                     </div>
                     <div>
                        <b>Signature: </b>register_tc_2()[pri:2, instance:tracksPageScripts.RegisterPageScripts@6a79c292]
                     </div>
                     <div>
                        <b>Start time: </b>08:57:18
                     </div>
                     <div>
                        <b>End time: </b>08:57:22
                     </div>
                     <div>
                        <b>Duration: </b>4s
                        
                     </div>
                  </div>
               </td>
            </tr>
            <tr></tr>
            <tr id="tracksPageScripts.RegisterPageScripts_takeShort_byClass_PASS5_row"
                class="testMethodStatusPASS testMethodStatusCONF">
               <td width="100%" class="firstMethodCell">
                  <a onclick="toggleDetailsVisibility('tracksPageScripts.RegisterPageScripts_takeShort_byClass_PASS5_details')">takeShort([TestResult name=register_tc_2 status=SUCCESS method=RegisterPageScripts.register_tc_2()[pri:2, instance:tracksPageScripts.RegisterPageScripts@6a79c292]
                     output=selecting Tenant15 value in dropdown])
                  </a>
               </td>
               <td nowrap="true">08:57:22</td>
               <td nowrap="true" align="right">2s
                  
               </td>
               <td nowrap="true">
                   
                  
               </td>
            </tr>
            <tr>
               <td colspan="4" class="detailsBox">
                  <div id="tracksPageScripts.RegisterPageScripts_takeShort_byClass_PASS5_details"
                       class="testMethodDetails">
                     <div>
                        <b>Name: </b>takeShort
                     </div>
                     <div>
                        <b>Signature: </b>takeShort(org.testng.ITestResult)[pri:0, instance:tracksPageScripts.RegisterPageScripts@6a79c292]
                     </div>
                     <div>
                        <b>Parameters: </b>
                        
                        [TestResult name=register_tc_2 status=SUCCESS method=RegisterPageScripts.register_tc_2()[pri:2, instance:tracksPageScripts.RegisterPageScripts@6a79c292]
                        output=selecting Tenant15 value in dropdown]
                        
                        
                     </div>
                     <div>
                        <b>Start time: </b>08:57:22
                     </div>
                     <div>
                        <b>End time: </b>08:57:24
                     </div>
                     <div>
                        <b>Duration: </b>2s
                        
                     </div>
                  </div>
               </td>
            </tr>
            <tr></tr>
            <tr id="tracksPageScripts.RegisterPageScripts_register_tc_3_byClass_FAIL6_row"
                class="testMethodStatusFAIL">
               <td width="100%" class="firstMethodCell">
                  <a onclick="toggleDetailsVisibility('tracksPageScripts.RegisterPageScripts_register_tc_3_byClass_FAIL6_details')">register_tc_3()</a>
               </td>
               <td nowrap="true">08:57:24</td>
               <td nowrap="true" align="right">128 ms
                  
               </td>
               <td nowrap="true">
                  <a onclick="toggleDetailsVisibility('tracksPageScripts.RegisterPageScripts_register_tc_3_byClass_FAIL6_exception')">org.openqa.selenium.NoSuchElementException: 
                     no such element: Unable to locate element: {"method":"xpath","selector":"//*[@id='cta2']/div/div[2]/div[2]/div/p"}
                     (Session info: chrome=66.0.3359.181)
                     (Driver info: chromedriver=2.37.544315 (730aa6a5fdba159ac9f4c1e8cbc59bf1b5ce12b7),platform=Windows NT 10.0.17134 x86_64) (WARNING:
                     The server did not provide any stacktrace information)
                     Command duration or timeout: 0 milliseconds
                     For documentation on this error, please visit: http://seleniumhq.org/exceptions/no_such_element.html
                     Build info: version: '3.11.0', revision: 'e59cfb3', time: '2018-03-11T20:33:08.638Z'
                     System info: host: 'DESKTOP-81U3LVR', ip: '192.168.43.164', os.name: 'Windows 10', os.arch: 'amd64', os.version: '10.0', java.version:
                     '1.8.0_171'
                     Driver info: org.openqa.selenium.chrome.ChromeDriver
                     Capabilities {acceptInsecureCerts: false, acceptSslCerts: false, applicationCacheEnabled: false, browserConnectionEnabled:
                     false, browserName: chrome, chrome: {chromedriverVersion: 2.37.544315 (730aa6a5fdba15..., userDataDir: C:\Users\ddand\AppData\Loca...},
                     cssSelectorsEnabled: true, databaseEnabled: false, handlesAlerts: true, hasTouchScreen: false, javascriptEnabled: true, locationContextEnabled:
                     true, mobileEmulationEnabled: false, nativeEvents: true, networkConnectionEnabled: false, pageLoadStrategy: normal, platform:
                     XP, platformName: XP, rotatable: false, setWindowRect: true, takesHeapSnapshot: true, takesScreenshot: true, unexpectedAlertBehaviour:
                     , unhandledPromptBehavior: , version: 66.0.3359.181, webStorageEnabled: true}
                     Session ID: a5c8a41bac4d96097d04404a23321405
                     *** Element info: {Using=xpath, value=//*[@id='cta2']/div/div[2]/div[2]/div/p}
                     
                  </a>
                   
                  
               </td>
            </tr>
            <tr>
               <td colspan="4" class="detailsBox">
                  <div id="tracksPageScripts.RegisterPageScripts_register_tc_3_byClass_FAIL6_details"
                       class="testMethodDetails">
                     <div>
                        <b>Name: </b>register_tc_3
                     </div>
                     <div>
                        <b>Signature: </b>register_tc_3()[pri:3, instance:tracksPageScripts.RegisterPageScripts@6a79c292]
                     </div>
                     <div>
                        <b>Start time: </b>08:57:24
                     </div>
                     <div>
                        <b>End time: </b>08:57:25
                     </div>
                     <div>
                        <b>Duration: </b>128 ms
                        
                     </div>
                  </div>
               </td>
            </tr>
            <tr>
               <td colspan="4" class="detailsBox">
                  <div id="tracksPageScripts.RegisterPageScripts_register_tc_3_byClass_FAIL6_exception"
                       class="testMethodDetails">
                     <pre style="padding: 5px; margin: 0;">org.openqa.selenium.NoSuchElementException: no such element: Unable to locate element: {"method":"xpath","selector":"//*[@id='cta2']/div/div[2]/div[2]/div/p"}
                        (Session info: chrome=66.0.3359.181)
                        (Driver info: chromedriver=2.37.544315 (730aa6a5fdba159ac9f4c1e8cbc59bf1b5ce12b7),platform=Windows NT 10.0.17134 x86_64) (WARNING:
                        The server did not provide any stacktrace information)
                        Command duration or timeout: 0 milliseconds
                        For documentation on this error, please visit: http://seleniumhq.org/exceptions/no_such_element.html
                        Build info: version: '3.11.0', revision: 'e59cfb3', time: '2018-03-11T20:33:08.638Z'
                        System info: host: 'DESKTOP-81U3LVR', ip: '192.168.43.164', os.name: 'Windows 10', os.arch: 'amd64', os.version: '10.0', java.version:
                        '1.8.0_171'
                        Driver info: org.openqa.selenium.chrome.ChromeDriver
                        Capabilities {acceptInsecureCerts: false, acceptSslCerts: false, applicationCacheEnabled: false, browserConnectionEnabled:
                        false, browserName: chrome, chrome: {chromedriverVersion: 2.37.544315 (730aa6a5fdba15..., userDataDir: C:\Users\ddand\AppData\Loca...},
                        cssSelectorsEnabled: true, databaseEnabled: false, handlesAlerts: true, hasTouchScreen: false, javascriptEnabled: true, locationContextEnabled:
                        true, mobileEmulationEnabled: false, nativeEvents: true, networkConnectionEnabled: false, pageLoadStrategy: normal, platform:
                        XP, platformName: XP, rotatable: false, setWindowRect: true, takesHeapSnapshot: true, takesScreenshot: true, unexpectedAlertBehaviour:
                        , unhandledPromptBehavior: , version: 66.0.3359.181, webStorageEnabled: true}
                        Session ID: a5c8a41bac4d96097d04404a23321405
                        *** Element info: {Using=xpath, value=//*[@id='cta2']/div/div[2]/div[2]/div/p}
                        at sun.reflect.NativeConstructorAccessorImpl.newInstance0(Native Method)
                        at sun.reflect.NativeConstructorAccessorImpl.newInstance(Unknown Source)
                        at sun.reflect.DelegatingConstructorAccessorImpl.newInstance(Unknown Source)
                        at java.lang.reflect.Constructor.newInstance(Unknown Source)
                        at org.openqa.selenium.remote.ErrorHandler.createThrowable(ErrorHandler.java:214)
                        at org.openqa.selenium.remote.ErrorHandler.throwIfResponseFailed(ErrorHandler.java:166)
                        at org.openqa.selenium.remote.http.JsonHttpResponseCodec.reconstructValue(JsonHttpResponseCodec.java:40)
                        at org.openqa.selenium.remote.http.AbstractHttpResponseCodec.decode(AbstractHttpResponseCodec.java:80)
                        at org.openqa.selenium.remote.http.AbstractHttpResponseCodec.decode(AbstractHttpResponseCodec.java:44)
                        at org.openqa.selenium.remote.HttpCommandExecutor.execute(HttpCommandExecutor.java:158)
                        at org.openqa.selenium.remote.service.DriverCommandExecutor.execute(DriverCommandExecutor.java:83)
                        at org.openqa.selenium.remote.RemoteWebDriver.execute(RemoteWebDriver.java:545)
                        at org.openqa.selenium.remote.RemoteWebDriver.findElement(RemoteWebDriver.java:319)
                        at org.openqa.selenium.remote.RemoteWebDriver.findElementByXPath(RemoteWebDriver.java:421)
                        at org.openqa.selenium.By$ByXPath.findElement(By.java:361)
                        at org.openqa.selenium.remote.RemoteWebDriver.findElement(RemoteWebDriver.java:311)
                        at org.openqa.selenium.support.pagefactory.DefaultElementLocator.findElement(DefaultElementLocator.java:69)
                        at org.openqa.selenium.support.pagefactory.internal.LocatingElementHandler.invoke(LocatingElementHandler.java:38)
                        at com.sun.proxy.$Proxy12.getText(Unknown Source)
                        at tracksPageScripts.RegisterPageScripts.register_tc_3(RegisterPageScripts.java:102)
                        at sun.reflect.NativeMethodAccessorImpl.invoke0(Native Method)
                        at sun.reflect.NativeMethodAccessorImpl.invoke(Unknown Source)
                        at sun.reflect.DelegatingMethodAccessorImpl.invoke(Unknown Source)
                        at java.lang.reflect.Method.invoke(Unknown Source)
                        at org.testng.internal.MethodInvocationHelper.invokeMethod(MethodInvocationHelper.java:124)
                        at org.testng.internal.Invoker.invokeMethod(Invoker.java:580)
                        at org.testng.internal.Invoker.invokeTestMethod(Invoker.java:716)
                        at org.testng.internal.Invoker.invokeTestMethods(Invoker.java:988)
                        at org.testng.internal.TestMethodWorker.invokeTestMethods(TestMethodWorker.java:125)
                        at org.testng.internal.TestMethodWorker.run(TestMethodWorker.java:109)
                        at org.testng.TestRunner.privateRun(TestRunner.java:648)
                        at org.testng.TestRunner.run(TestRunner.java:505)
                        at org.testng.SuiteRunner.runTest(SuiteRunner.java:455)
                        at org.testng.SuiteRunner.runSequentially(SuiteRunner.java:450)
                        at org.testng.SuiteRunner.privateRun(SuiteRunner.java:415)
                        at org.testng.SuiteRunner.run(SuiteRunner.java:364)
                        at org.testng.SuiteRunnerWorker.runSuite(SuiteRunnerWorker.java:52)
                        at org.testng.SuiteRunnerWorker.run(SuiteRunnerWorker.java:84)
                        at org.testng.TestNG.runSuitesSequentially(TestNG.java:1208)
                        at org.testng.TestNG.runSuitesLocally(TestNG.java:1137)
                        at org.testng.TestNG.runSuites(TestNG.java:1049)
                        at org.testng.TestNG.run(TestNG.java:1017)
                        at org.testng.remote.AbstractRemoteTestNG.run(AbstractRemoteTestNG.java:114)
                        at org.testng.remote.RemoteTestNG.initAndRun(RemoteTestNG.java:251)
                        at org.testng.remote.RemoteTestNG.main(RemoteTestNG.java:77)
                     </pre>
                  </div>
               </td>
            </tr>
            <tr id="tracksPageScripts.RegisterPageScripts_takeShort_byClass_PASS7_row"
                class="testMethodStatusPASS testMethodStatusCONF">
               <td width="100%" class="firstMethodCell">
                  <a onclick="toggleDetailsVisibility('tracksPageScripts.RegisterPageScripts_takeShort_byClass_PASS7_details')">takeShort([TestResult name=register_tc_3 status=FAILURE method=RegisterPageScripts.register_tc_3()[pri:3, instance:tracksPageScripts.RegisterPageScripts@6a79c292]
                     output=&lt;a href=file:///F:\Workspace\zsync\screenshots\LatestResults\RegisterPageScripts\register_tc_3.png&gt; &lt;img width='700'
                     height='500' src=file:///F:\Workspace\zsync\screenshots\LatestResults\RegisterPageScripts\register_tc_3.png&gt; &lt;/a&gt;])
                  </a>
               </td>
               <td nowrap="true">08:57:25</td>
               <td nowrap="true" align="right">308 ms
                  
               </td>
               <td nowrap="true">
                   
                  
               </td>
            </tr>
            <tr>
               <td colspan="4" class="detailsBox">
                  <div id="tracksPageScripts.RegisterPageScripts_takeShort_byClass_PASS7_details"
                       class="testMethodDetails">
                     <div>
                        <b>Name: </b>takeShort
                     </div>
                     <div>
                        <b>Signature: </b>takeShort(org.testng.ITestResult)[pri:0, instance:tracksPageScripts.RegisterPageScripts@6a79c292]
                     </div>
                     <div>
                        <b>Parameters: </b>
                        
                        [TestResult name=register_tc_3 status=FAILURE method=RegisterPageScripts.register_tc_3()[pri:3, instance:tracksPageScripts.RegisterPageScripts@6a79c292]
                        output=&lt;a href=file:///F:\Workspace\zsync\screenshots\LatestResults\RegisterPageScripts\register_tc_3.png&gt; &lt;img width='700'
                        height='500' src=file:///F:\Workspace\zsync\screenshots\LatestResults\RegisterPageScripts\register_tc_3.png&gt; &lt;/a&gt;]
                        
                        
                     </div>
                     <div>
                        <b>Start time: </b>08:57:25
                     </div>
                     <div>
                        <b>End time: </b>08:57:25
                     </div>
                     <div>
                        <b>Duration: </b>308 ms
                        
                     </div>
                  </div>
               </td>
            </tr>
            <tr></tr>
            <tr id="tracksPageScripts.RegisterPageScripts_closePage_byClass_PASS8_row"
                class="testMethodStatusPASS testMethodStatusCONF">
               <td width="100%" class="firstMethodCell">
                  <a onclick="toggleDetailsVisibility('tracksPageScripts.RegisterPageScripts_closePage_byClass_PASS8_details')">closePage()</a>
               </td>
               <td nowrap="true">08:57:25</td>
               <td nowrap="true" align="right">307 ms
                  
               </td>
               <td nowrap="true">
                   
                  
               </td>
            </tr>
            <tr>
               <td colspan="4" class="detailsBox">
                  <div id="tracksPageScripts.RegisterPageScripts_closePage_byClass_PASS8_details"
                       class="testMethodDetails">
                     <div>
                        <b>Name: </b>closePage
                     </div>
                     <div>
                        <b>Signature: </b>closePage()[pri:0, instance:tracksPageScripts.RegisterPageScripts@6a79c292]
                     </div>
                     <div>
                        <b>Start time: </b>08:57:25
                     </div>
                     <div>
                        <b>End time: </b>08:57:26
                     </div>
                     <div>
                        <b>Duration: </b>307 ms
                        
                     </div>
                  </div>
               </td>
            </tr>
            <tr></tr>
            <tr id="tracksPageScripts.RegisterPageScripts_tearDown_byClass_PASS9_row"
                class="testMethodStatusPASS testMethodStatusCONF">
               <td width="100%" class="firstMethodCell">
                  <a onclick="toggleDetailsVisibility('tracksPageScripts.RegisterPageScripts_tearDown_byClass_PASS9_details')">tearDown()</a>
               </td>
               <td nowrap="true">08:57:26</td>
               <td nowrap="true" align="right">92 ms
                  
               </td>
               <td nowrap="true">
                   
                  
               </td>
            </tr>
            <tr>
               <td colspan="4" class="detailsBox">
                  <div id="tracksPageScripts.RegisterPageScripts_tearDown_byClass_PASS9_details"
                       class="testMethodDetails">
                     <div>
                        <b>Name: </b>tearDown
                     </div>
                     <div>
                        <b>Signature: </b>tearDown()[pri:0, instance:tracksPageScripts.RegisterPageScripts@6a79c292]
                     </div>
                     <div>
                        <b>Start time: </b>08:57:26
                     </div>
                     <div>
                        <b>End time: </b>08:57:26
                     </div>
                     <div>
                        <b>Duration: </b>92 ms
                        
                     </div>
                  </div>
               </td>
            </tr>
            <tr></tr>
         </table>
         <br></br>
      </div>
      <div style="margin-top: 15px; color: gray; text-align: center; font-size: 9px;">
         Generated with
         
         <a href="http://code.google.com/p/testng-xslt/" style="color: #8888aa;"
            target="_blank">
            TestNG XSLT
            
         </a>
      </div>
   </body>
</html>