<?xml version="1.0" encoding="UTF-8"?>
<testsuite name="PlatformAdminLogin"
           tests="15"
           failures="2"
           errors="0"
           skipped="0"
           time="34.178">
  <properties />
            <testcase name="forgotPassword_tc_4" time="1.803" classname="tracksPageScripts.LoginPageScripts">
                <failure type="java.lang.AssertionError"
                  message="expected [please enter valid email address!] but found [Your email is not present in our record.]"
              >
<![CDATA[java.lang.AssertionError: expected [please enter valid email address!] but found [Your email is not present in our record.]
  org.testng.Assert.fail(Assert.java:96)
  org.testng.Assert.failNotEquals(Assert.java:776)
  org.testng.Assert.assertEqualsImpl(Assert.java:137)
  org.testng.Assert.assertEquals(Assert.java:118)
  org.testng.Assert.assertEquals(Assert.java:453)
  org.testng.Assert.assertEquals(Assert.java:463)
  tracksPageScripts.LoginPageScripts.forgotPassword_tc_4(LoginPageScripts.java:284)
  sun.reflect.NativeMethodAccessorImpl.invoke0(Native Method)
  sun.reflect.NativeMethodAccessorImpl.invoke(Unknown Source)
  sun.reflect.DelegatingMethodAccessorImpl.invoke(Unknown Source)
  java.lang.reflect.Method.invoke(Unknown Source)
  org.testng.internal.MethodInvocationHelper.invokeMethod(MethodInvocationHelper.java:124)
  org.testng.internal.Invoker.invokeMethod(Invoker.java:580)
  org.testng.internal.Invoker.invokeTestMethod(Invoker.java:716)
  org.testng.internal.Invoker.invokeTestMethods(Invoker.java:988)
  org.testng.internal.TestMethodWorker.invokeTestMethods(TestMethodWorker.java:125)
  org.testng.internal.TestMethodWorker.run(TestMethodWorker.java:109)
  org.testng.TestRunner.privateRun(TestRunner.java:648)
  org.testng.TestRunner.run(TestRunner.java:505)
  org.testng.SuiteRunner.runTest(SuiteRunner.java:455)
  org.testng.SuiteRunner.runSequentially(SuiteRunner.java:450)
  org.testng.SuiteRunner.privateRun(SuiteRunner.java:415)
  org.testng.SuiteRunner.run(SuiteRunner.java:364)
  org.testng.SuiteRunnerWorker.runSuite(SuiteRunnerWorker.java:52)
  org.testng.SuiteRunnerWorker.run(SuiteRunnerWorker.java:84)
  org.testng.TestNG.runSuitesSequentially(TestNG.java:1208)
  org.testng.TestNG.runSuitesLocally(TestNG.java:1137)
  org.testng.TestNG.runSuites(TestNG.java:1049)
  org.testng.TestNG.run(TestNG.java:1017)
  org.testng.remote.AbstractRemoteTestNG.run(AbstractRemoteTestNG.java:114)
  org.testng.remote.RemoteTestNG.initAndRun(RemoteTestNG.java:251)
  org.testng.remote.RemoteTestNG.main(RemoteTestNG.java:77)
]]>
      </failure>

          </testcase>
            <testcase name="forgotPassword_tc_3" time="1.817" classname="tracksPageScripts.LoginPageScripts">
                <failure type="java.lang.AssertionError"
                  message="expected [please enter your email address] but found [Your email is not present in our record.]"
              >
<![CDATA[java.lang.AssertionError: expected [please enter your email address] but found [Your email is not present in our record.]
  org.testng.Assert.fail(Assert.java:96)
  org.testng.Assert.failNotEquals(Assert.java:776)
  org.testng.Assert.assertEqualsImpl(Assert.java:137)
  org.testng.Assert.assertEquals(Assert.java:118)
  org.testng.Assert.assertEquals(Assert.java:453)
  org.testng.Assert.assertEquals(Assert.java:463)
  tracksPageScripts.LoginPageScripts.forgotPassword_tc_3(LoginPageScripts.java:265)
  sun.reflect.NativeMethodAccessorImpl.invoke0(Native Method)
  sun.reflect.NativeMethodAccessorImpl.invoke(Unknown Source)
  sun.reflect.DelegatingMethodAccessorImpl.invoke(Unknown Source)
  java.lang.reflect.Method.invoke(Unknown Source)
  org.testng.internal.MethodInvocationHelper.invokeMethod(MethodInvocationHelper.java:124)
  org.testng.internal.Invoker.invokeMethod(Invoker.java:580)
  org.testng.internal.Invoker.invokeTestMethod(Invoker.java:716)
  org.testng.internal.Invoker.invokeTestMethods(Invoker.java:988)
  org.testng.internal.TestMethodWorker.invokeTestMethods(TestMethodWorker.java:125)
  org.testng.internal.TestMethodWorker.run(TestMethodWorker.java:109)
  org.testng.TestRunner.privateRun(TestRunner.java:648)
  org.testng.TestRunner.run(TestRunner.java:505)
  org.testng.SuiteRunner.runTest(SuiteRunner.java:455)
  org.testng.SuiteRunner.runSequentially(SuiteRunner.java:450)
  org.testng.SuiteRunner.privateRun(SuiteRunner.java:415)
  org.testng.SuiteRunner.run(SuiteRunner.java:364)
  org.testng.SuiteRunnerWorker.runSuite(SuiteRunnerWorker.java:52)
  org.testng.SuiteRunnerWorker.run(SuiteRunnerWorker.java:84)
  org.testng.TestNG.runSuitesSequentially(TestNG.java:1208)
  org.testng.TestNG.runSuitesLocally(TestNG.java:1137)
  org.testng.TestNG.runSuites(TestNG.java:1049)
  org.testng.TestNG.run(TestNG.java:1017)
  org.testng.remote.AbstractRemoteTestNG.run(AbstractRemoteTestNG.java:114)
  org.testng.remote.RemoteTestNG.initAndRun(RemoteTestNG.java:251)
  org.testng.remote.RemoteTestNG.main(RemoteTestNG.java:77)
]]>
      </failure>

          </testcase>
  
  
            <testcase name="login_tc_8" time="1.354" classname="tracksPageScripts.LoginPageScripts" />
                <testcase name="login_tc_4" time="1.733" classname="tracksPageScripts.LoginPageScripts" />
                <testcase name="forgotPassword_tc_2" time="1.824" classname="tracksPageScripts.LoginPageScripts" />
                <testcase name="login_tc_7" time="1.402" classname="tracksPageScripts.LoginPageScripts" />
                <testcase name="login_tc_1" time="5.356" classname="tracksPageScripts.LoginPageScripts" />
                <testcase name="login_tc_5" time="1.385" classname="tracksPageScripts.LoginPageScripts" />
                <testcase name="forgotPassword_tc_1" time="2.069" classname="tracksPageScripts.LoginPageScripts" />
                <testcase name="login_tc_11" time="5.857" classname="tracksPageScripts.LoginPageScripts" />
                <testcase name="login_tc_6" time="1.426" classname="tracksPageScripts.LoginPageScripts" />
                <testcase name="login_tc_3" time="1.691" classname="tracksPageScripts.LoginPageScripts" />
                <testcase name="login_tc_2" time="2.166" classname="tracksPageScripts.LoginPageScripts" />
                <testcase name="login_tc_10" time="2.162" classname="tracksPageScripts.LoginPageScripts" />
                <testcase name="login_tc_9" time="2.133" classname="tracksPageScripts.LoginPageScripts" />
      
</testsuite>
